<?xml version="1.0" encoding="UTF-8"?>
<testng-results ignored="0" total="1" passed="1" failed="0" skipped="0">
  <reporter-output>
  </reporter-output>
  <suite started-at="2022-02-01T07:36:18Z" name="Default suite" finished-at="2022-02-01T07:37:00Z" duration-ms="41587">
    <groups>
    </groups>
    <test started-at="2022-02-01T07:36:18Z" name="Default test" finished-at="2022-02-01T07:37:00Z" duration-ms="41587">
      <class name="Testbase.Tbase">
        <test-method signature="policy()[pri:0, instance:Testbase.Tbase@3cae7b8b]" started-at="2022-02-01T07:36:19Z" name="policy" finished-at="2022-02-01T07:37:00Z" duration-ms="41547" status="PASS">
          <reporter-output>
          </reporter-output>
        </test-method> <!-- policy -->
      </class> <!-- Testbase.Tbase -->
    </test> <!-- Default test -->
  </suite> <!-- Default suite -->
</testng-results>
