<?xml version="1.0" encoding="UTF-8"?>
<testng-results ignored="0" total="1" passed="1" failed="0" skipped="0">
  <reporter-output>
  </reporter-output>
  <suite started-at="2022-01-31T18:16:55Z" name="Default suite" finished-at="2022-01-31T18:17:25Z" duration-ms="30072">
    <groups>
    </groups>
    <test started-at="2022-01-31T18:16:55Z" name="Default test" finished-at="2022-01-31T18:17:25Z" duration-ms="30072">
      <class name="Testbase.Tbase">
        <test-method signature="policy()[pri:0, instance:Testbase.Tbase@1984b1f]" started-at="2022-01-31T18:16:55Z" name="policy" finished-at="2022-01-31T18:17:25Z" duration-ms="30038" status="PASS">
          <reporter-output>
          </reporter-output>
        </test-method> <!-- policy -->
      </class> <!-- Testbase.Tbase -->
    </test> <!-- Default test -->
  </suite> <!-- Default suite -->
</testng-results>
